Starting package analysis - Thu Sep 18 09:24:59 PM EDT 2025
No update needed for atinout (version 0.9.1, MD5: 444eb87488bad1927b6ed069dedf7393, size: 4323)
No update needed for kmod-wireguard (version 1, MD5: 98e77b68c2f1b5ff46ef7713b4f63a94, size: 789)
No update needed for libucode20230711 (version 2024.07.22~b610860d-r3, MD5: c38bd45a6aa14a969b7e92f051481d7e, size: 79358)
No update needed for luci-app-argon-config (version 0.9-1, MD5: 5a418efdfeee34fb11c7f9cb5fff67fe, size: 4546)
No update needed for luci-app-atinout-mod (version 1.3.4-20250119, MD5: 1ffee9ec8fe5723b8140bf2c21fea508, size: 4864)
No update needed for luci-app-go-wireguard (version 4.500-2, MD5: 66549e8d970b9046440e6a836f9c9639, size: 24213)
No update needed for luci-app-tailscale (version 1.2.3-2, MD5: 53c84c947c42d7518aecb4a6b8a9c5a8, size: 6501)
No update needed for luci-lua-runtime (version 25.034.70690~7b0663a-sdxpinn, MD5: c6c571d34de434c6a55262112bc9261d, size: 2072)
No update needed for luci-theme-argon (version 2.3.2-r20250207, MD5: 1354d843e7a0257fc8684548ec37a284, size: 401244)
No update needed for ookla-speedtest (version 1.2.0, MD5: b26e1909599f73cab40ea0281c5a6283, size: 1075696)
No update needed for sdxpinn-console-menu (version 0.0.3, MD5: a2eb562bf9cdb731c3f64ded26d9df99, size: 7511)
Updating package info for sdxpinn-firstboot...
Updated sdxpinn-firstboot to version 1.0 with MD5: d71d3ac8f4cd0c6d75f8f636b868aa72 and size: 1109
No update needed for sdxpinn-mount-fix (version 1.3.2, MD5: 004d4f1c792efc2d32c2de27629bae3b, size: 4648)
No update needed for sdxpinn-patch (version 2.6, MD5: 197b3618393e1565875c1c0967b3a68e, size: 3136)
No update needed for sdxpinn-quecmanager (version 2.3.1, MD5: 90a1059b2eecf73a54bc67d0036a8306, size: 1183330)
No update needed for sdxpinn-quecmanager-beta (version 2.3.2, MD5: 2aaaf01f996c5eb9ace83d6baf31a180, size: 1182121)
No update needed for sms-tool (version 2025.1.19-APmod-iamromulan, MD5: 83dc8bfd2d4ac8d8952a2a95b2be943f, size: 13687)
No update needed for socat-at-bridge (version 1.2.0, MD5: eccb5b567c5fd7969ebedbef3c6fdebb, size: 1445)
No update needed for tailscale (version 1.86.2, MD5: 4164fbd218c720bf9138d5b7b5f146c8, size: 10768011)
No update needed for tailscaled (version 1.86.2-1, MD5: ad9c23961545a7b15519101db6ea67d2, size: 19343959)
No update needed for ucode-mod-lua (version 1, MD5: cd83c6848867112332d1155b4c4f0640, size: 10085)
No update needed for warp (version 1.0, MD5: ea95658bf84f619cabe5dd62280fe787, size: 2698)
No update needed for websocat (version 1.14.0, MD5: e877135ca393c19a17ee81966d88ec38, size: 3067044)
No update needed for wgcf (version 2.2.24, MD5: b2ba181f9181c2bd8f37933c60c0713f, size: 3677883)
Package file and signature updated successfully.
Package analysis completed - Thu Sep 18 09:25:00 PM EDT 2025
